2025-08-26 12:03:11.432 [main] INFO  [] [] [] [] [] c.openclassrooms.api.ApiApplication - Starting ApiApplication using Java 17.0.14 with PID 21488 (C:\Users\corwy\OneDrive\Bureau\poc-tchat\back\target\classes started by corwy in C:\Users\corwy\OneDrive\Bureau\poc-tchat\back)
2025-08-26 12:03:11.435 [main] INFO  [] [] [] [] [] c.openclassrooms.api.ApiApplication - No active profile set, falling back to 1 default profile: "default"
2025-08-26 12:03:13.377 [main] INFO  [] [] [] [] [] o.s.b.w.e.tomcat.TomcatWebServer - Tomcat initialized with port 3001 (http)
2025-08-26 12:03:14.396 [main] WARN  [] [] [] [] [] org.hibernate.orm.deprecation - HHH90000025: MySQL8Dialect does not need to be specified explicitly using 'hibernate.dialect' (remove the property setting and it will be selected by default)
2025-08-26 12:03:14.400 [main] WARN  [] [] [] [] [] org.hibernate.orm.deprecation - HHH90000026: MySQL8Dialect has been deprecated; use org.hibernate.dialect.MySQLDialect instead
2025-08-26 12:03:16.381 [main] WARN  [] [] [] [] [] o.s.b.w.s.c.AnnotationConfigServletWebServerApplicationContext - Exception encountered during context initialization - cancelling refresh attempt: org.springframework.beans.factory.UnsatisfiedDependencyException: Error creating bean with name 'authController' defined in file [C:\Users\corwy\OneDrive\Bureau\poc-tchat\back\target\classes\com\openclassrooms\api\controllers\AuthController.class]: Unsatisfied dependency expressed through constructor parameter 0: Error creating bean with name 'userService' defined in file [C:\Users\corwy\OneDrive\Bureau\poc-tchat\back\target\classes\com\openclassrooms\api\services\UserService.class]: Unsatisfied dependency expressed through constructor parameter 4: Error creating bean with name 'conversationRepository' defined in com.openclassrooms.api.repositories.ConversationRepository defined in @EnableJpaRepositories declared on JpaRepositoriesRegistrar.EnableJpaRepositoriesConfiguration: Could not create query for public abstract java.util.List com.openclassrooms.api.repositories.ConversationRepository.findByUser1IdOrderByCreatedAtDesc(java.lang.Long); Reason: Failed to create query for method public abstract java.util.List com.openclassrooms.api.repositories.ConversationRepository.findByUser1IdOrderByCreatedAtDesc(java.lang.Long); No property 'createdAt' found for type 'Conversation'; Did you mean 'created_at'
2025-08-26 12:03:16.424 [main] ERROR [] [] [] [] [] o.s.boot.SpringApplication - Application run failed
org.springframework.beans.factory.UnsatisfiedDependencyException: Error creating bean with name 'authController' defined in file [C:\Users\corwy\OneDrive\Bureau\poc-tchat\back\target\classes\com\openclassrooms\api\controllers\AuthController.class]: Unsatisfied dependency expressed through constructor parameter 0: Error creating bean with name 'userService' defined in file [C:\Users\corwy\OneDrive\Bureau\poc-tchat\back\target\classes\com\openclassrooms\api\services\UserService.class]: Unsatisfied dependency expressed through constructor parameter 4: Error creating bean with name 'conversationRepository' defined in com.openclassrooms.api.repositories.ConversationRepository defined in @EnableJpaRepositories declared on JpaRepositoriesRegistrar.EnableJpaRepositoriesConfiguration: Could not create query for public abstract java.util.List com.openclassrooms.api.repositories.ConversationRepository.findByUser1IdOrderByCreatedAtDesc(java.lang.Long); Reason: Failed to create query for method public abstract java.util.List com.openclassrooms.api.repositories.ConversationRepository.findByUser1IdOrderByCreatedAtDesc(java.lang.Long); No property 'createdAt' found for type 'Conversation'; Did you mean 'created_at'
	at org.springframework.beans.factory.support.ConstructorResolver.createArgumentArray(ConstructorResolver.java:795)
	at org.springframework.beans.factory.support.ConstructorResolver.autowireConstructor(ConstructorResolver.java:237)
	at org.springframework.beans.factory.support.AbstractAutowireCapableBeanFactory.autowireConstructor(AbstractAutowireCapableBeanFactory.java:1375)
	at org.springframework.beans.factory.support.AbstractAutowireCapableBeanFactory.createBeanInstance(AbstractAutowireCapableBeanFactory.java:1212)
	at org.springframework.beans.factory.support.AbstractAutowireCapableBeanFactory.doCreateBean(AbstractAutowireCapableBeanFactory.java:562)
	at org.springframework.beans.factory.support.AbstractAutowireCapableBeanFactory.createBean(AbstractAutowireCapableBeanFactory.java:522)
	at org.springframework.beans.factory.support.AbstractBeanFactory.lambda$doGetBean$0(AbstractBeanFactory.java:337)
	at org.springframework.beans.factory.support.DefaultSingletonBeanRegistry.getSingleton(DefaultSingletonBeanRegistry.java:234)
	at org.springframework.beans.factory.support.AbstractBeanFactory.doGetBean(AbstractBeanFactory.java:335)
	at org.springframework.beans.factory.support.AbstractBeanFactory.getBean(AbstractBeanFactory.java:200)
	at org.springframework.beans.factory.support.DefaultListableBeanFactory.preInstantiateSingletons(DefaultListableBeanFactory.java:975)
	at org.springframework.context.support.AbstractApplicationContext.finishBeanFactoryInitialization(AbstractApplicationContext.java:971)
	at org.springframework.context.support.AbstractApplicationContext.refresh(AbstractApplicationContext.java:625)
	at org.springframework.boot.web.servlet.context.ServletWebServerApplicationContext.refresh(ServletWebServerApplicationContext.java:146)
	at org.springframework.boot.SpringApplication.refresh(SpringApplication.java:754)
	at org.springframework.boot.SpringApplication.refreshContext(SpringApplication.java:456)
	at org.springframework.boot.SpringApplication.run(SpringApplication.java:335)
	at org.springframework.boot.SpringApplication.run(SpringApplication.java:1363)
	at org.springframework.boot.SpringApplication.run(SpringApplication.java:1352)
	at com.openclassrooms.api.ApiApplication.main(ApiApplication.java:12)
Caused by: org.springframework.beans.factory.UnsatisfiedDependencyException: Error creating bean with name 'userService' defined in file [C:\Users\corwy\OneDrive\Bureau\poc-tchat\back\target\classes\com\openclassrooms\api\services\UserService.class]: Unsatisfied dependency expressed through constructor parameter 4: Error creating bean with name 'conversationRepository' defined in com.openclassrooms.api.repositories.ConversationRepository defined in @EnableJpaRepositories declared on JpaRepositoriesRegistrar.EnableJpaRepositoriesConfiguration: Could not create query for public abstract java.util.List com.openclassrooms.api.repositories.ConversationRepository.findByUser1IdOrderByCreatedAtDesc(java.lang.Long); Reason: Failed to create query for method public abstract java.util.List com.openclassrooms.api.repositories.ConversationRepository.findByUser1IdOrderByCreatedAtDesc(java.lang.Long); No property 'createdAt' found for type 'Conversation'; Did you mean 'created_at'
	at org.springframework.beans.factory.support.ConstructorResolver.createArgumentArray(ConstructorResolver.java:795)
	at org.springframework.beans.factory.support.ConstructorResolver.autowireConstructor(ConstructorResolver.java:237)
	at org.springframework.beans.factory.support.AbstractAutowireCapableBeanFactory.autowireConstructor(AbstractAutowireCapableBeanFactory.java:1375)
	at org.springframework.beans.factory.support.AbstractAutowireCapableBeanFactory.createBeanInstance(AbstractAutowireCapableBeanFactory.java:1212)
	at org.springframework.beans.factory.support.AbstractAutowireCapableBeanFactory.doCreateBean(AbstractAutowireCapableBeanFactory.java:562)
	at org.springframework.beans.factory.support.AbstractAutowireCapableBeanFactory.createBean(AbstractAutowireCapableBeanFactory.java:522)
	at org.springframework.beans.factory.support.AbstractBeanFactory.lambda$doGetBean$0(AbstractBeanFactory.java:337)
	at org.springframework.beans.factory.support.DefaultSingletonBeanRegistry.getSingleton(DefaultSingletonBeanRegistry.java:234)
	at org.springframework.beans.factory.support.AbstractBeanFactory.doGetBean(AbstractBeanFactory.java:335)
	at org.springframework.beans.factory.support.AbstractBeanFactory.getBean(AbstractBeanFactory.java:200)
	at org.springframework.beans.factory.config.DependencyDescriptor.resolveCandidate(DependencyDescriptor.java:254)
	at org.springframework.beans.factory.support.DefaultListableBeanFactory.doResolveDependency(DefaultListableBeanFactory.java:1443)
	at org.springframework.beans.factory.support.DefaultListableBeanFactory.resolveDependency(DefaultListableBeanFactory.java:1353)
	at org.springframework.beans.factory.support.ConstructorResolver.resolveAutowiredArgument(ConstructorResolver.java:904)
	at org.springframework.beans.factory.support.ConstructorResolver.createArgumentArray(ConstructorResolver.java:782)
	... 19 common frames omitted
Caused by: org.springframework.beans.factory.BeanCreationException: Error creating bean with name 'conversationRepository' defined in com.openclassrooms.api.repositories.ConversationRepository defined in @EnableJpaRepositories declared on JpaRepositoriesRegistrar.EnableJpaRepositoriesConfiguration: Could not create query for public abstract java.util.List com.openclassrooms.api.repositories.ConversationRepository.findByUser1IdOrderByCreatedAtDesc(java.lang.Long); Reason: Failed to create query for method public abstract java.util.List com.openclassrooms.api.repositories.ConversationRepository.findByUser1IdOrderByCreatedAtDesc(java.lang.Long); No property 'createdAt' found for type 'Conversation'; Did you mean 'created_at'
	at org.springframework.beans.factory.support.AbstractAutowireCapableBeanFactory.initializeBean(AbstractAutowireCapableBeanFactory.java:1806)
	at org.springframework.beans.factory.support.AbstractAutowireCapableBeanFactory.doCreateBean(AbstractAutowireCapableBeanFactory.java:600)
	at org.springframework.beans.factory.support.AbstractAutowireCapableBeanFactory.createBean(AbstractAutowireCapableBeanFactory.java:522)
	at org.springframework.beans.factory.support.AbstractBeanFactory.lambda$doGetBean$0(AbstractBeanFactory.java:337)
	at org.springframework.beans.factory.support.DefaultSingletonBeanRegistry.getSingleton(DefaultSingletonBeanRegistry.java:234)
	at org.springframework.beans.factory.support.AbstractBeanFactory.doGetBean(AbstractBeanFactory.java:335)
	at org.springframework.beans.factory.support.AbstractBeanFactory.getBean(AbstractBeanFactory.java:200)
	at org.springframework.beans.factory.config.DependencyDescriptor.resolveCandidate(DependencyDescriptor.java:254)
	at org.springframework.beans.factory.support.DefaultListableBeanFactory.doResolveDependency(DefaultListableBeanFactory.java:1443)
	at org.springframework.beans.factory.support.DefaultListableBeanFactory.resolveDependency(DefaultListableBeanFactory.java:1353)
	at org.springframework.beans.factory.support.ConstructorResolver.resolveAutowiredArgument(ConstructorResolver.java:904)
	at org.springframework.beans.factory.support.ConstructorResolver.createArgumentArray(ConstructorResolver.java:782)
	... 33 common frames omitted
Caused by: org.springframework.data.repository.query.QueryCreationException: Could not create query for public abstract java.util.List com.openclassrooms.api.repositories.ConversationRepository.findByUser1IdOrderByCreatedAtDesc(java.lang.Long); Reason: Failed to create query for method public abstract java.util.List com.openclassrooms.api.repositories.ConversationRepository.findByUser1IdOrderByCreatedAtDesc(java.lang.Long); No property 'createdAt' found for type 'Conversation'; Did you mean 'created_at'
	at org.springframework.data.repository.query.QueryCreationException.create(QueryCreationException.java:101)
	at org.springframework.data.repository.core.support.QueryExecutorMethodInterceptor.lookupQuery(QueryExecutorMethodInterceptor.java:119)
	at org.springframework.data.repository.core.support.QueryExecutorMethodInterceptor.mapMethodsToQuery(QueryExecutorMethodInterceptor.java:103)
	at org.springframework.data.repository.core.support.QueryExecutorMethodInterceptor.lambda$new$0(QueryExecutorMethodInterceptor.java:92)
	at java.base/java.util.Optional.map(Optional.java:260)
	at org.springframework.data.repository.core.support.QueryExecutorMethodInterceptor.<init>(QueryExecutorMethodInterceptor.java:92)
	at org.springframework.data.repository.core.support.RepositoryFactorySupport.getRepository(RepositoryFactorySupport.java:357)
	at org.springframework.data.repository.core.support.RepositoryFactoryBeanSupport.lambda$afterPropertiesSet$5(RepositoryFactoryBeanSupport.java:290)
	at org.springframework.data.util.Lazy.getNullable(Lazy.java:135)
	at org.springframework.data.util.Lazy.get(Lazy.java:113)
	at org.springframework.data.repository.core.support.RepositoryFactoryBeanSupport.afterPropertiesSet(RepositoryFactoryBeanSupport.java:296)
	at org.springframework.data.jpa.repository.support.JpaRepositoryFactoryBean.afterPropertiesSet(JpaRepositoryFactoryBean.java:132)
	at org.springframework.beans.factory.support.AbstractAutowireCapableBeanFactory.invokeInitMethods(AbstractAutowireCapableBeanFactory.java:1853)
	at org.springframework.beans.factory.support.AbstractAutowireCapableBeanFactory.initializeBean(AbstractAutowireCapableBeanFactory.java:1802)
	... 44 common frames omitted
Caused by: java.lang.IllegalArgumentException: Failed to create query for method public abstract java.util.List com.openclassrooms.api.repositories.ConversationRepository.findByUser1IdOrderByCreatedAtDesc(java.lang.Long); No property 'createdAt' found for type 'Conversation'; Did you mean 'created_at'
	at org.springframework.data.jpa.repository.query.PartTreeJpaQuery.<init>(PartTreeJpaQuery.java:107)
	at org.springframework.data.jpa.repository.query.JpaQueryLookupStrategy$CreateQueryLookupStrategy.resolveQuery(JpaQueryLookupStrategy.java:124)
	at org.springframework.data.jpa.repository.query.JpaQueryLookupStrategy$CreateIfNotFoundQueryLookupStrategy.resolveQuery(JpaQueryLookupStrategy.java:258)
	at org.springframework.data.jpa.repository.query.JpaQueryLookupStrategy$AbstractQueryLookupStrategy.resolveQuery(JpaQueryLookupStrategy.java:95)
	at org.springframework.data.repository.core.support.QueryExecutorMethodInterceptor.lookupQuery(QueryExecutorMethodInterceptor.java:115)
	... 56 common frames omitted
Caused by: org.springframework.data.mapping.PropertyReferenceException: No property 'createdAt' found for type 'Conversation'; Did you mean 'created_at'
	at org.springframework.data.mapping.PropertyPath.<init>(PropertyPath.java:94)
	at org.springframework.data.mapping.PropertyPath.create(PropertyPath.java:455)
	at org.springframework.data.mapping.PropertyPath.create(PropertyPath.java:431)
	at org.springframework.data.mapping.PropertyPath.lambda$from$0(PropertyPath.java:384)
	at java.base/java.util.concurrent.ConcurrentMap.computeIfAbsent(ConcurrentMap.java:330)
	at org.springframework.data.mapping.PropertyPath.from(PropertyPath.java:366)
	at org.springframework.data.mapping.PropertyPath.from(PropertyPath.java:344)
	at org.springframework.data.repository.query.parser.OrderBySource.lambda$createOrder$2(OrderBySource.java:112)
	at java.base/java.util.Optional.map(Optional.java:260)
	at org.springframework.data.repository.query.parser.OrderBySource.createOrder(OrderBySource.java:110)
	at org.springframework.data.repository.query.parser.OrderBySource.<init>(OrderBySource.java:94)
	at org.springframework.data.repository.query.parser.PartTree$Predicate.<init>(PartTree.java:392)
	at org.springframework.data.repository.query.parser.PartTree.<init>(PartTree.java:103)
	at org.springframework.data.jpa.repository.query.PartTreeJpaQuery.<init>(PartTreeJpaQuery.java:101)
	... 60 common frames omitted
2025-08-26 12:04:24.526 [main] INFO  [] [] [] [] [] c.openclassrooms.api.ApiApplication - Starting ApiApplication using Java 17.0.14 with PID 8508 (C:\Users\corwy\OneDrive\Bureau\poc-tchat\back\target\classes started by corwy in C:\Users\corwy\OneDrive\Bureau\poc-tchat\back)
2025-08-26 12:04:24.528 [main] INFO  [] [] [] [] [] c.openclassrooms.api.ApiApplication - No active profile set, falling back to 1 default profile: "default"
2025-08-26 12:04:25.695 [main] INFO  [] [] [] [] [] o.s.b.w.e.tomcat.TomcatWebServer - Tomcat initialized with port 3001 (http)
2025-08-26 12:04:26.482 [main] WARN  [] [] [] [] [] org.hibernate.orm.deprecation - HHH90000025: MySQL8Dialect does not need to be specified explicitly using 'hibernate.dialect' (remove the property setting and it will be selected by default)
2025-08-26 12:04:26.483 [main] WARN  [] [] [] [] [] org.hibernate.orm.deprecation - HHH90000026: MySQL8Dialect has been deprecated; use org.hibernate.dialect.MySQLDialect instead
2025-08-26 12:04:27.922 [main] WARN  [] [] [] [] [] o.s.b.w.s.c.AnnotationConfigServletWebServerApplicationContext - Exception encountered during context initialization - cancelling refresh attempt: org.springframework.beans.factory.UnsatisfiedDependencyException: Error creating bean with name 'authController' defined in file [C:\Users\corwy\OneDrive\Bureau\poc-tchat\back\target\classes\com\openclassrooms\api\controllers\AuthController.class]: Unsatisfied dependency expressed through constructor parameter 0: Error creating bean with name 'userService' defined in file [C:\Users\corwy\OneDrive\Bureau\poc-tchat\back\target\classes\com\openclassrooms\api\services\UserService.class]: Unsatisfied dependency expressed through constructor parameter 4: Error creating bean with name 'conversationRepository' defined in com.openclassrooms.api.repositories.ConversationRepository defined in @EnableJpaRepositories declared on JpaRepositoriesRegistrar.EnableJpaRepositoriesConfiguration: Could not create query for public abstract java.util.List com.openclassrooms.api.repositories.ConversationRepository.findByUser1OrderByCreatedAtDesc(com.openclassrooms.api.models.User); Reason: Failed to create query for method public abstract java.util.List com.openclassrooms.api.repositories.ConversationRepository.findByUser1OrderByCreatedAtDesc(com.openclassrooms.api.models.User); No property 'createdAt' found for type 'Conversation'; Did you mean 'created_at'
2025-08-26 12:04:27.954 [main] ERROR [] [] [] [] [] o.s.boot.SpringApplication - Application run failed
org.springframework.beans.factory.UnsatisfiedDependencyException: Error creating bean with name 'authController' defined in file [C:\Users\corwy\OneDrive\Bureau\poc-tchat\back\target\classes\com\openclassrooms\api\controllers\AuthController.class]: Unsatisfied dependency expressed through constructor parameter 0: Error creating bean with name 'userService' defined in file [C:\Users\corwy\OneDrive\Bureau\poc-tchat\back\target\classes\com\openclassrooms\api\services\UserService.class]: Unsatisfied dependency expressed through constructor parameter 4: Error creating bean with name 'conversationRepository' defined in com.openclassrooms.api.repositories.ConversationRepository defined in @EnableJpaRepositories declared on JpaRepositoriesRegistrar.EnableJpaRepositoriesConfiguration: Could not create query for public abstract java.util.List com.openclassrooms.api.repositories.ConversationRepository.findByUser1OrderByCreatedAtDesc(com.openclassrooms.api.models.User); Reason: Failed to create query for method public abstract java.util.List com.openclassrooms.api.repositories.ConversationRepository.findByUser1OrderByCreatedAtDesc(com.openclassrooms.api.models.User); No property 'createdAt' found for type 'Conversation'; Did you mean 'created_at'
	at org.springframework.beans.factory.support.ConstructorResolver.createArgumentArray(ConstructorResolver.java:795)
	at org.springframework.beans.factory.support.ConstructorResolver.autowireConstructor(ConstructorResolver.java:237)
	at org.springframework.beans.factory.support.AbstractAutowireCapableBeanFactory.autowireConstructor(AbstractAutowireCapableBeanFactory.java:1375)
	at org.springframework.beans.factory.support.AbstractAutowireCapableBeanFactory.createBeanInstance(AbstractAutowireCapableBeanFactory.java:1212)
	at org.springframework.beans.factory.support.AbstractAutowireCapableBeanFactory.doCreateBean(AbstractAutowireCapableBeanFactory.java:562)
	at org.springframework.beans.factory.support.AbstractAutowireCapableBeanFactory.createBean(AbstractAutowireCapableBeanFactory.java:522)
	at org.springframework.beans.factory.support.AbstractBeanFactory.lambda$doGetBean$0(AbstractBeanFactory.java:337)
	at org.springframework.beans.factory.support.DefaultSingletonBeanRegistry.getSingleton(DefaultSingletonBeanRegistry.java:234)
	at org.springframework.beans.factory.support.AbstractBeanFactory.doGetBean(AbstractBeanFactory.java:335)
	at org.springframework.beans.factory.support.AbstractBeanFactory.getBean(AbstractBeanFactory.java:200)
	at org.springframework.beans.factory.support.DefaultListableBeanFactory.preInstantiateSingletons(DefaultListableBeanFactory.java:975)
	at org.springframework.context.support.AbstractApplicationContext.finishBeanFactoryInitialization(AbstractApplicationContext.java:971)
	at org.springframework.context.support.AbstractApplicationContext.refresh(AbstractApplicationContext.java:625)
	at org.springframework.boot.web.servlet.context.ServletWebServerApplicationContext.refresh(ServletWebServerApplicationContext.java:146)
	at org.springframework.boot.SpringApplication.refresh(SpringApplication.java:754)
	at org.springframework.boot.SpringApplication.refreshContext(SpringApplication.java:456)
	at org.springframework.boot.SpringApplication.run(SpringApplication.java:335)
	at org.springframework.boot.SpringApplication.run(SpringApplication.java:1363)
	at org.springframework.boot.SpringApplication.run(SpringApplication.java:1352)
	at com.openclassrooms.api.ApiApplication.main(ApiApplication.java:12)
Caused by: org.springframework.beans.factory.UnsatisfiedDependencyException: Error creating bean with name 'userService' defined in file [C:\Users\corwy\OneDrive\Bureau\poc-tchat\back\target\classes\com\openclassrooms\api\services\UserService.class]: Unsatisfied dependency expressed through constructor parameter 4: Error creating bean with name 'conversationRepository' defined in com.openclassrooms.api.repositories.ConversationRepository defined in @EnableJpaRepositories declared on JpaRepositoriesRegistrar.EnableJpaRepositoriesConfiguration: Could not create query for public abstract java.util.List com.openclassrooms.api.repositories.ConversationRepository.findByUser1OrderByCreatedAtDesc(com.openclassrooms.api.models.User); Reason: Failed to create query for method public abstract java.util.List com.openclassrooms.api.repositories.ConversationRepository.findByUser1OrderByCreatedAtDesc(com.openclassrooms.api.models.User); No property 'createdAt' found for type 'Conversation'; Did you mean 'created_at'
	at org.springframework.beans.factory.support.ConstructorResolver.createArgumentArray(ConstructorResolver.java:795)
	at org.springframework.beans.factory.support.ConstructorResolver.autowireConstructor(ConstructorResolver.java:237)
	at org.springframework.beans.factory.support.AbstractAutowireCapableBeanFactory.autowireConstructor(AbstractAutowireCapableBeanFactory.java:1375)
	at org.springframework.beans.factory.support.AbstractAutowireCapableBeanFactory.createBeanInstance(AbstractAutowireCapableBeanFactory.java:1212)
	at org.springframework.beans.factory.support.AbstractAutowireCapableBeanFactory.doCreateBean(AbstractAutowireCapableBeanFactory.java:562)
	at org.springframework.beans.factory.support.AbstractAutowireCapableBeanFactory.createBean(AbstractAutowireCapableBeanFactory.java:522)
	at org.springframework.beans.factory.support.AbstractBeanFactory.lambda$doGetBean$0(AbstractBeanFactory.java:337)
	at org.springframework.beans.factory.support.DefaultSingletonBeanRegistry.getSingleton(DefaultSingletonBeanRegistry.java:234)
	at org.springframework.beans.factory.support.AbstractBeanFactory.doGetBean(AbstractBeanFactory.java:335)
	at org.springframework.beans.factory.support.AbstractBeanFactory.getBean(AbstractBeanFactory.java:200)
	at org.springframework.beans.factory.config.DependencyDescriptor.resolveCandidate(DependencyDescriptor.java:254)
	at org.springframework.beans.factory.support.DefaultListableBeanFactory.doResolveDependency(DefaultListableBeanFactory.java:1443)
	at org.springframework.beans.factory.support.DefaultListableBeanFactory.resolveDependency(DefaultListableBeanFactory.java:1353)
	at org.springframework.beans.factory.support.ConstructorResolver.resolveAutowiredArgument(ConstructorResolver.java:904)
	at org.springframework.beans.factory.support.ConstructorResolver.createArgumentArray(ConstructorResolver.java:782)
	... 19 common frames omitted
Caused by: org.springframework.beans.factory.BeanCreationException: Error creating bean with name 'conversationRepository' defined in com.openclassrooms.api.repositories.ConversationRepository defined in @EnableJpaRepositories declared on JpaRepositoriesRegistrar.EnableJpaRepositoriesConfiguration: Could not create query for public abstract java.util.List com.openclassrooms.api.repositories.ConversationRepository.findByUser1OrderByCreatedAtDesc(com.openclassrooms.api.models.User); Reason: Failed to create query for method public abstract java.util.List com.openclassrooms.api.repositories.ConversationRepository.findByUser1OrderByCreatedAtDesc(com.openclassrooms.api.models.User); No property 'createdAt' found for type 'Conversation'; Did you mean 'created_at'
	at org.springframework.beans.factory.support.AbstractAutowireCapableBeanFactory.initializeBean(AbstractAutowireCapableBeanFactory.java:1806)
	at org.springframework.beans.factory.support.AbstractAutowireCapableBeanFactory.doCreateBean(AbstractAutowireCapableBeanFactory.java:600)
	at org.springframework.beans.factory.support.AbstractAutowireCapableBeanFactory.createBean(AbstractAutowireCapableBeanFactory.java:522)
	at org.springframework.beans.factory.support.AbstractBeanFactory.lambda$doGetBean$0(AbstractBeanFactory.java:337)
	at org.springframework.beans.factory.support.DefaultSingletonBeanRegistry.getSingleton(DefaultSingletonBeanRegistry.java:234)
	at org.springframework.beans.factory.support.AbstractBeanFactory.doGetBean(AbstractBeanFactory.java:335)
	at org.springframework.beans.factory.support.AbstractBeanFactory.getBean(AbstractBeanFactory.java:200)
	at org.springframework.beans.factory.config.DependencyDescriptor.resolveCandidate(DependencyDescriptor.java:254)
	at org.springframework.beans.factory.support.DefaultListableBeanFactory.doResolveDependency(DefaultListableBeanFactory.java:1443)
	at org.springframework.beans.factory.support.DefaultListableBeanFactory.resolveDependency(DefaultListableBeanFactory.java:1353)
	at org.springframework.beans.factory.support.ConstructorResolver.resolveAutowiredArgument(ConstructorResolver.java:904)
	at org.springframework.beans.factory.support.ConstructorResolver.createArgumentArray(ConstructorResolver.java:782)
	... 33 common frames omitted
Caused by: org.springframework.data.repository.query.QueryCreationException: Could not create query for public abstract java.util.List com.openclassrooms.api.repositories.ConversationRepository.findByUser1OrderByCreatedAtDesc(com.openclassrooms.api.models.User); Reason: Failed to create query for method public abstract java.util.List com.openclassrooms.api.repositories.ConversationRepository.findByUser1OrderByCreatedAtDesc(com.openclassrooms.api.models.User); No property 'createdAt' found for type 'Conversation'; Did you mean 'created_at'
	at org.springframework.data.repository.query.QueryCreationException.create(QueryCreationException.java:101)
	at org.springframework.data.repository.core.support.QueryExecutorMethodInterceptor.lookupQuery(QueryExecutorMethodInterceptor.java:119)
	at org.springframework.data.repository.core.support.QueryExecutorMethodInterceptor.mapMethodsToQuery(QueryExecutorMethodInterceptor.java:103)
	at org.springframework.data.repository.core.support.QueryExecutorMethodInterceptor.lambda$new$0(QueryExecutorMethodInterceptor.java:92)
	at java.base/java.util.Optional.map(Optional.java:260)
	at org.springframework.data.repository.core.support.QueryExecutorMethodInterceptor.<init>(QueryExecutorMethodInterceptor.java:92)
	at org.springframework.data.repository.core.support.RepositoryFactorySupport.getRepository(RepositoryFactorySupport.java:357)
	at org.springframework.data.repository.core.support.RepositoryFactoryBeanSupport.lambda$afterPropertiesSet$5(RepositoryFactoryBeanSupport.java:290)
	at org.springframework.data.util.Lazy.getNullable(Lazy.java:135)
	at org.springframework.data.util.Lazy.get(Lazy.java:113)
	at org.springframework.data.repository.core.support.RepositoryFactoryBeanSupport.afterPropertiesSet(RepositoryFactoryBeanSupport.java:296)
	at org.springframework.data.jpa.repository.support.JpaRepositoryFactoryBean.afterPropertiesSet(JpaRepositoryFactoryBean.java:132)
	at org.springframework.beans.factory.support.AbstractAutowireCapableBeanFactory.invokeInitMethods(AbstractAutowireCapableBeanFactory.java:1853)
	at org.springframework.beans.factory.support.AbstractAutowireCapableBeanFactory.initializeBean(AbstractAutowireCapableBeanFactory.java:1802)
	... 44 common frames omitted
Caused by: java.lang.IllegalArgumentException: Failed to create query for method public abstract java.util.List com.openclassrooms.api.repositories.ConversationRepository.findByUser1OrderByCreatedAtDesc(com.openclassrooms.api.models.User); No property 'createdAt' found for type 'Conversation'; Did you mean 'created_at'
	at org.springframework.data.jpa.repository.query.PartTreeJpaQuery.<init>(PartTreeJpaQuery.java:107)
	at org.springframework.data.jpa.repository.query.JpaQueryLookupStrategy$CreateQueryLookupStrategy.resolveQuery(JpaQueryLookupStrategy.java:124)
	at org.springframework.data.jpa.repository.query.JpaQueryLookupStrategy$CreateIfNotFoundQueryLookupStrategy.resolveQuery(JpaQueryLookupStrategy.java:258)
	at org.springframework.data.jpa.repository.query.JpaQueryLookupStrategy$AbstractQueryLookupStrategy.resolveQuery(JpaQueryLookupStrategy.java:95)
	at org.springframework.data.repository.core.support.QueryExecutorMethodInterceptor.lookupQuery(QueryExecutorMethodInterceptor.java:115)
	... 56 common frames omitted
Caused by: org.springframework.data.mapping.PropertyReferenceException: No property 'createdAt' found for type 'Conversation'; Did you mean 'created_at'
	at org.springframework.data.mapping.PropertyPath.<init>(PropertyPath.java:94)
	at org.springframework.data.mapping.PropertyPath.create(PropertyPath.java:455)
	at org.springframework.data.mapping.PropertyPath.create(PropertyPath.java:431)
	at org.springframework.data.mapping.PropertyPath.lambda$from$0(PropertyPath.java:384)
	at java.base/java.util.concurrent.ConcurrentMap.computeIfAbsent(ConcurrentMap.java:330)
	at org.springframework.data.mapping.PropertyPath.from(PropertyPath.java:366)
	at org.springframework.data.mapping.PropertyPath.from(PropertyPath.java:344)
	at org.springframework.data.repository.query.parser.OrderBySource.lambda$createOrder$2(OrderBySource.java:112)
	at java.base/java.util.Optional.map(Optional.java:260)
	at org.springframework.data.repository.query.parser.OrderBySource.createOrder(OrderBySource.java:110)
	at org.springframework.data.repository.query.parser.OrderBySource.<init>(OrderBySource.java:94)
	at org.springframework.data.repository.query.parser.PartTree$Predicate.<init>(PartTree.java:392)
	at org.springframework.data.repository.query.parser.PartTree.<init>(PartTree.java:103)
	at org.springframework.data.jpa.repository.query.PartTreeJpaQuery.<init>(PartTreeJpaQuery.java:101)
	... 60 common frames omitted
2025-08-26 12:07:06.631 [main] INFO  [] [] [] [] [] c.openclassrooms.api.ApiApplication - Starting ApiApplication using Java 17.0.14 with PID 22800 (C:\Users\corwy\OneDrive\Bureau\poc-tchat\back\target\classes started by corwy in C:\Users\corwy\OneDrive\Bureau\poc-tchat\back)
2025-08-26 12:07:06.633 [main] INFO  [] [] [] [] [] c.openclassrooms.api.ApiApplication - No active profile set, falling back to 1 default profile: "default"
2025-08-26 12:07:07.827 [main] INFO  [] [] [] [] [] o.s.b.w.e.tomcat.TomcatWebServer - Tomcat initialized with port 3001 (http)
2025-08-26 12:07:08.601 [main] WARN  [] [] [] [] [] org.hibernate.orm.deprecation - HHH90000025: MySQL8Dialect does not need to be specified explicitly using 'hibernate.dialect' (remove the property setting and it will be selected by default)
2025-08-26 12:07:08.604 [main] WARN  [] [] [] [] [] org.hibernate.orm.deprecation - HHH90000026: MySQL8Dialect has been deprecated; use org.hibernate.dialect.MySQLDialect instead
2025-08-26 12:07:10.089 [main] WARN  [] [] [] [] [] o.s.b.w.s.c.AnnotationConfigServletWebServerApplicationContext - Exception encountered during context initialization - cancelling refresh attempt: org.springframework.beans.factory.UnsatisfiedDependencyException: Error creating bean with name 'authController' defined in file [C:\Users\corwy\OneDrive\Bureau\poc-tchat\back\target\classes\com\openclassrooms\api\controllers\AuthController.class]: Unsatisfied dependency expressed through constructor parameter 0: Error creating bean with name 'userService' defined in file [C:\Users\corwy\OneDrive\Bureau\poc-tchat\back\target\classes\com\openclassrooms\api\services\UserService.class]: Unsatisfied dependency expressed through constructor parameter 4: Error creating bean with name 'conversationRepository' defined in com.openclassrooms.api.repositories.ConversationRepository defined in @EnableJpaRepositories declared on JpaRepositoriesRegistrar.EnableJpaRepositoriesConfiguration: Could not create query for public abstract java.util.List com.openclassrooms.api.repositories.ConversationRepository.findByUser1OrderByCreated_atDesc(com.openclassrooms.api.models.User); Reason: Failed to create query for method public abstract java.util.List com.openclassrooms.api.repositories.ConversationRepository.findByUser1OrderByCreated_atDesc(com.openclassrooms.api.models.User); No property 'created' found for type 'Conversation'
2025-08-26 12:07:10.127 [main] ERROR [] [] [] [] [] o.s.boot.SpringApplication - Application run failed
org.springframework.beans.factory.UnsatisfiedDependencyException: Error creating bean with name 'authController' defined in file [C:\Users\corwy\OneDrive\Bureau\poc-tchat\back\target\classes\com\openclassrooms\api\controllers\AuthController.class]: Unsatisfied dependency expressed through constructor parameter 0: Error creating bean with name 'userService' defined in file [C:\Users\corwy\OneDrive\Bureau\poc-tchat\back\target\classes\com\openclassrooms\api\services\UserService.class]: Unsatisfied dependency expressed through constructor parameter 4: Error creating bean with name 'conversationRepository' defined in com.openclassrooms.api.repositories.ConversationRepository defined in @EnableJpaRepositories declared on JpaRepositoriesRegistrar.EnableJpaRepositoriesConfiguration: Could not create query for public abstract java.util.List com.openclassrooms.api.repositories.ConversationRepository.findByUser1OrderByCreated_atDesc(com.openclassrooms.api.models.User); Reason: Failed to create query for method public abstract java.util.List com.openclassrooms.api.repositories.ConversationRepository.findByUser1OrderByCreated_atDesc(com.openclassrooms.api.models.User); No property 'created' found for type 'Conversation'
	at org.springframework.beans.factory.support.ConstructorResolver.createArgumentArray(ConstructorResolver.java:795)
	at org.springframework.beans.factory.support.ConstructorResolver.autowireConstructor(ConstructorResolver.java:237)
	at org.springframework.beans.factory.support.AbstractAutowireCapableBeanFactory.autowireConstructor(AbstractAutowireCapableBeanFactory.java:1375)
	at org.springframework.beans.factory.support.AbstractAutowireCapableBeanFactory.createBeanInstance(AbstractAutowireCapableBeanFactory.java:1212)
	at org.springframework.beans.factory.support.AbstractAutowireCapableBeanFactory.doCreateBean(AbstractAutowireCapableBeanFactory.java:562)
	at org.springframework.beans.factory.support.AbstractAutowireCapableBeanFactory.createBean(AbstractAutowireCapableBeanFactory.java:522)
	at org.springframework.beans.factory.support.AbstractBeanFactory.lambda$doGetBean$0(AbstractBeanFactory.java:337)
	at org.springframework.beans.factory.support.DefaultSingletonBeanRegistry.getSingleton(DefaultSingletonBeanRegistry.java:234)
	at org.springframework.beans.factory.support.AbstractBeanFactory.doGetBean(AbstractBeanFactory.java:335)
	at org.springframework.beans.factory.support.AbstractBeanFactory.getBean(AbstractBeanFactory.java:200)
	at org.springframework.beans.factory.support.DefaultListableBeanFactory.preInstantiateSingletons(DefaultListableBeanFactory.java:975)
	at org.springframework.context.support.AbstractApplicationContext.finishBeanFactoryInitialization(AbstractApplicationContext.java:971)
	at org.springframework.context.support.AbstractApplicationContext.refresh(AbstractApplicationContext.java:625)
	at org.springframework.boot.web.servlet.context.ServletWebServerApplicationContext.refresh(ServletWebServerApplicationContext.java:146)
	at org.springframework.boot.SpringApplication.refresh(SpringApplication.java:754)
	at org.springframework.boot.SpringApplication.refreshContext(SpringApplication.java:456)
	at org.springframework.boot.SpringApplication.run(SpringApplication.java:335)
	at org.springframework.boot.SpringApplication.run(SpringApplication.java:1363)
	at org.springframework.boot.SpringApplication.run(SpringApplication.java:1352)
	at com.openclassrooms.api.ApiApplication.main(ApiApplication.java:12)
Caused by: org.springframework.beans.factory.UnsatisfiedDependencyException: Error creating bean with name 'userService' defined in file [C:\Users\corwy\OneDrive\Bureau\poc-tchat\back\target\classes\com\openclassrooms\api\services\UserService.class]: Unsatisfied dependency expressed through constructor parameter 4: Error creating bean with name 'conversationRepository' defined in com.openclassrooms.api.repositories.ConversationRepository defined in @EnableJpaRepositories declared on JpaRepositoriesRegistrar.EnableJpaRepositoriesConfiguration: Could not create query for public abstract java.util.List com.openclassrooms.api.repositories.ConversationRepository.findByUser1OrderByCreated_atDesc(com.openclassrooms.api.models.User); Reason: Failed to create query for method public abstract java.util.List com.openclassrooms.api.repositories.ConversationRepository.findByUser1OrderByCreated_atDesc(com.openclassrooms.api.models.User); No property 'created' found for type 'Conversation'
	at org.springframework.beans.factory.support.ConstructorResolver.createArgumentArray(ConstructorResolver.java:795)
	at org.springframework.beans.factory.support.ConstructorResolver.autowireConstructor(ConstructorResolver.java:237)
	at org.springframework.beans.factory.support.AbstractAutowireCapableBeanFactory.autowireConstructor(AbstractAutowireCapableBeanFactory.java:1375)
	at org.springframework.beans.factory.support.AbstractAutowireCapableBeanFactory.createBeanInstance(AbstractAutowireCapableBeanFactory.java:1212)
	at org.springframework.beans.factory.support.AbstractAutowireCapableBeanFactory.doCreateBean(AbstractAutowireCapableBeanFactory.java:562)
	at org.springframework.beans.factory.support.AbstractAutowireCapableBeanFactory.createBean(AbstractAutowireCapableBeanFactory.java:522)
	at org.springframework.beans.factory.support.AbstractBeanFactory.lambda$doGetBean$0(AbstractBeanFactory.java:337)
	at org.springframework.beans.factory.support.DefaultSingletonBeanRegistry.getSingleton(DefaultSingletonBeanRegistry.java:234)
	at org.springframework.beans.factory.support.AbstractBeanFactory.doGetBean(AbstractBeanFactory.java:335)
	at org.springframework.beans.factory.support.AbstractBeanFactory.getBean(AbstractBeanFactory.java:200)
	at org.springframework.beans.factory.config.DependencyDescriptor.resolveCandidate(DependencyDescriptor.java:254)
	at org.springframework.beans.factory.support.DefaultListableBeanFactory.doResolveDependency(DefaultListableBeanFactory.java:1443)
	at org.springframework.beans.factory.support.DefaultListableBeanFactory.resolveDependency(DefaultListableBeanFactory.java:1353)
	at org.springframework.beans.factory.support.ConstructorResolver.resolveAutowiredArgument(ConstructorResolver.java:904)
	at org.springframework.beans.factory.support.ConstructorResolver.createArgumentArray(ConstructorResolver.java:782)
	... 19 common frames omitted
Caused by: org.springframework.beans.factory.BeanCreationException: Error creating bean with name 'conversationRepository' defined in com.openclassrooms.api.repositories.ConversationRepository defined in @EnableJpaRepositories declared on JpaRepositoriesRegistrar.EnableJpaRepositoriesConfiguration: Could not create query for public abstract java.util.List com.openclassrooms.api.repositories.ConversationRepository.findByUser1OrderByCreated_atDesc(com.openclassrooms.api.models.User); Reason: Failed to create query for method public abstract java.util.List com.openclassrooms.api.repositories.ConversationRepository.findByUser1OrderByCreated_atDesc(com.openclassrooms.api.models.User); No property 'created' found for type 'Conversation'
	at org.springframework.beans.factory.support.AbstractAutowireCapableBeanFactory.initializeBean(AbstractAutowireCapableBeanFactory.java:1806)
	at org.springframework.beans.factory.support.AbstractAutowireCapableBeanFactory.doCreateBean(AbstractAutowireCapableBeanFactory.java:600)
	at org.springframework.beans.factory.support.AbstractAutowireCapableBeanFactory.createBean(AbstractAutowireCapableBeanFactory.java:522)
	at org.springframework.beans.factory.support.AbstractBeanFactory.lambda$doGetBean$0(AbstractBeanFactory.java:337)
	at org.springframework.beans.factory.support.DefaultSingletonBeanRegistry.getSingleton(DefaultSingletonBeanRegistry.java:234)
	at org.springframework.beans.factory.support.AbstractBeanFactory.doGetBean(AbstractBeanFactory.java:335)
	at org.springframework.beans.factory.support.AbstractBeanFactory.getBean(AbstractBeanFactory.java:200)
	at org.springframework.beans.factory.config.DependencyDescriptor.resolveCandidate(DependencyDescriptor.java:254)
	at org.springframework.beans.factory.support.DefaultListableBeanFactory.doResolveDependency(DefaultListableBeanFactory.java:1443)
	at org.springframework.beans.factory.support.DefaultListableBeanFactory.resolveDependency(DefaultListableBeanFactory.java:1353)
	at org.springframework.beans.factory.support.ConstructorResolver.resolveAutowiredArgument(ConstructorResolver.java:904)
	at org.springframework.beans.factory.support.ConstructorResolver.createArgumentArray(ConstructorResolver.java:782)
	... 33 common frames omitted
Caused by: org.springframework.data.repository.query.QueryCreationException: Could not create query for public abstract java.util.List com.openclassrooms.api.repositories.ConversationRepository.findByUser1OrderByCreated_atDesc(com.openclassrooms.api.models.User); Reason: Failed to create query for method public abstract java.util.List com.openclassrooms.api.repositories.ConversationRepository.findByUser1OrderByCreated_atDesc(com.openclassrooms.api.models.User); No property 'created' found for type 'Conversation'
	at org.springframework.data.repository.query.QueryCreationException.create(QueryCreationException.java:101)
	at org.springframework.data.repository.core.support.QueryExecutorMethodInterceptor.lookupQuery(QueryExecutorMethodInterceptor.java:119)
	at org.springframework.data.repository.core.support.QueryExecutorMethodInterceptor.mapMethodsToQuery(QueryExecutorMethodInterceptor.java:103)
	at org.springframework.data.repository.core.support.QueryExecutorMethodInterceptor.lambda$new$0(QueryExecutorMethodInterceptor.java:92)
	at java.base/java.util.Optional.map(Optional.java:260)
	at org.springframework.data.repository.core.support.QueryExecutorMethodInterceptor.<init>(QueryExecutorMethodInterceptor.java:92)
	at org.springframework.data.repository.core.support.RepositoryFactorySupport.getRepository(RepositoryFactorySupport.java:357)
	at org.springframework.data.repository.core.support.RepositoryFactoryBeanSupport.lambda$afterPropertiesSet$5(RepositoryFactoryBeanSupport.java:290)
	at org.springframework.data.util.Lazy.getNullable(Lazy.java:135)
	at org.springframework.data.util.Lazy.get(Lazy.java:113)
	at org.springframework.data.repository.core.support.RepositoryFactoryBeanSupport.afterPropertiesSet(RepositoryFactoryBeanSupport.java:296)
	at org.springframework.data.jpa.repository.support.JpaRepositoryFactoryBean.afterPropertiesSet(JpaRepositoryFactoryBean.java:132)
	at org.springframework.beans.factory.support.AbstractAutowireCapableBeanFactory.invokeInitMethods(AbstractAutowireCapableBeanFactory.java:1853)
	at org.springframework.beans.factory.support.AbstractAutowireCapableBeanFactory.initializeBean(AbstractAutowireCapableBeanFactory.java:1802)
	... 44 common frames omitted
Caused by: java.lang.IllegalArgumentException: Failed to create query for method public abstract java.util.List com.openclassrooms.api.repositories.ConversationRepository.findByUser1OrderByCreated_atDesc(com.openclassrooms.api.models.User); No property 'created' found for type 'Conversation'
	at org.springframework.data.jpa.repository.query.PartTreeJpaQuery.<init>(PartTreeJpaQuery.java:107)
	at org.springframework.data.jpa.repository.query.JpaQueryLookupStrategy$CreateQueryLookupStrategy.resolveQuery(JpaQueryLookupStrategy.java:124)
	at org.springframework.data.jpa.repository.query.JpaQueryLookupStrategy$CreateIfNotFoundQueryLookupStrategy.resolveQuery(JpaQueryLookupStrategy.java:258)
	at org.springframework.data.jpa.repository.query.JpaQueryLookupStrategy$AbstractQueryLookupStrategy.resolveQuery(JpaQueryLookupStrategy.java:95)
	at org.springframework.data.repository.core.support.QueryExecutorMethodInterceptor.lookupQuery(QueryExecutorMethodInterceptor.java:115)
	... 56 common frames omitted
Caused by: org.springframework.data.mapping.PropertyReferenceException: No property 'created' found for type 'Conversation'
	at org.springframework.data.mapping.PropertyPath.<init>(PropertyPath.java:94)
	at org.springframework.data.mapping.PropertyPath.create(PropertyPath.java:455)
	at org.springframework.data.mapping.PropertyPath.create(PropertyPath.java:431)
	at org.springframework.data.mapping.PropertyPath.lambda$from$0(PropertyPath.java:384)
	at java.base/java.util.concurrent.ConcurrentMap.computeIfAbsent(ConcurrentMap.java:330)
	at org.springframework.data.mapping.PropertyPath.from(PropertyPath.java:366)
	at org.springframework.data.mapping.PropertyPath.from(PropertyPath.java:344)
	at org.springframework.data.repository.query.parser.OrderBySource.lambda$createOrder$2(OrderBySource.java:112)
	at java.base/java.util.Optional.map(Optional.java:260)
	at org.springframework.data.repository.query.parser.OrderBySource.createOrder(OrderBySource.java:110)
	at org.springframework.data.repository.query.parser.OrderBySource.<init>(OrderBySource.java:94)
	at org.springframework.data.repository.query.parser.PartTree$Predicate.<init>(PartTree.java:392)
	at org.springframework.data.repository.query.parser.PartTree.<init>(PartTree.java:103)
	at org.springframework.data.jpa.repository.query.PartTreeJpaQuery.<init>(PartTreeJpaQuery.java:101)
	... 60 common frames omitted
2025-08-26 12:09:37.253 [main] INFO  [] [] [] [] [] c.openclassrooms.api.ApiApplication - Starting ApiApplication using Java 17.0.14 with PID 25312 (C:\Users\corwy\OneDrive\Bureau\poc-tchat\back\target\classes started by corwy in C:\Users\corwy\OneDrive\Bureau\poc-tchat\back)
2025-08-26 12:09:37.255 [main] INFO  [] [] [] [] [] c.openclassrooms.api.ApiApplication - No active profile set, falling back to 1 default profile: "default"
2025-08-26 12:09:38.403 [main] INFO  [] [] [] [] [] o.s.b.w.e.tomcat.TomcatWebServer - Tomcat initialized with port 3001 (http)
2025-08-26 12:09:39.180 [main] WARN  [] [] [] [] [] org.hibernate.orm.deprecation - HHH90000025: MySQL8Dialect does not need to be specified explicitly using 'hibernate.dialect' (remove the property setting and it will be selected by default)
2025-08-26 12:09:39.183 [main] WARN  [] [] [] [] [] org.hibernate.orm.deprecation - HHH90000026: MySQL8Dialect has been deprecated; use org.hibernate.dialect.MySQLDialect instead
2025-08-26 12:09:40.748 [main] WARN  [] [] [] [] [] o.s.b.a.o.j.JpaBaseConfiguration$JpaWebConfiguration - spring.jpa.open-in-view is enabled by default. Therefore, database queries may be performed during view rendering. Explicitly configure spring.jpa.open-in-view to disable this warning
2025-08-26 12:09:41.172 [main] WARN  [] [] [] [] [] o.s.b.w.s.c.AnnotationConfigServletWebServerApplicationContext - Exception encountered during context initialization - cancelling refresh attempt: org.springframework.beans.factory.BeanCreationException: Error creating bean with name 'messageRepository' defined in com.openclassrooms.api.repositories.MessageRepository defined in @EnableJpaRepositories declared on JpaRepositoriesRegistrar.EnableJpaRepositoriesConfiguration: Could not create query for public abstract java.util.List com.openclassrooms.api.repositories.MessageRepository.findByConversationIdOrderBySentAtAsc(java.lang.Long); Reason: Failed to create query for method public abstract java.util.List com.openclassrooms.api.repositories.MessageRepository.findByConversationIdOrderBySentAtAsc(java.lang.Long); No property 'sentAt' found for type 'Message'; Did you mean 'sent_at'
2025-08-26 12:09:41.222 [main] ERROR [] [] [] [] [] o.s.boot.SpringApplication - Application run failed
org.springframework.beans.factory.BeanCreationException: Error creating bean with name 'messageRepository' defined in com.openclassrooms.api.repositories.MessageRepository defined in @EnableJpaRepositories declared on JpaRepositoriesRegistrar.EnableJpaRepositoriesConfiguration: Could not create query for public abstract java.util.List com.openclassrooms.api.repositories.MessageRepository.findByConversationIdOrderBySentAtAsc(java.lang.Long); Reason: Failed to create query for method public abstract java.util.List com.openclassrooms.api.repositories.MessageRepository.findByConversationIdOrderBySentAtAsc(java.lang.Long); No property 'sentAt' found for type 'Message'; Did you mean 'sent_at'
	at org.springframework.beans.factory.support.AbstractAutowireCapableBeanFactory.initializeBean(AbstractAutowireCapableBeanFactory.java:1806)
	at org.springframework.beans.factory.support.AbstractAutowireCapableBeanFactory.doCreateBean(AbstractAutowireCapableBeanFactory.java:600)
	at org.springframework.beans.factory.support.AbstractAutowireCapableBeanFactory.createBean(AbstractAutowireCapableBeanFactory.java:522)
	at org.springframework.beans.factory.support.AbstractBeanFactory.lambda$doGetBean$0(AbstractBeanFactory.java:337)
	at org.springframework.beans.factory.support.DefaultSingletonBeanRegistry.getSingleton(DefaultSingletonBeanRegistry.java:234)
	at org.springframework.beans.factory.support.AbstractBeanFactory.doGetBean(AbstractBeanFactory.java:335)
	at org.springframework.beans.factory.support.AbstractBeanFactory.getBean(AbstractBeanFactory.java:200)
	at org.springframework.beans.factory.support.DefaultListableBeanFactory.preInstantiateSingletons(DefaultListableBeanFactory.java:969)
	at org.springframework.context.support.AbstractApplicationContext.finishBeanFactoryInitialization(AbstractApplicationContext.java:971)
	at org.springframework.context.support.AbstractApplicationContext.refresh(AbstractApplicationContext.java:625)
	at org.springframework.boot.web.servlet.context.ServletWebServerApplicationContext.refresh(ServletWebServerApplicationContext.java:146)
	at org.springframework.boot.SpringApplication.refresh(SpringApplication.java:754)
	at org.springframework.boot.SpringApplication.refreshContext(SpringApplication.java:456)
	at org.springframework.boot.SpringApplication.run(SpringApplication.java:335)
	at org.springframework.boot.SpringApplication.run(SpringApplication.java:1363)
	at org.springframework.boot.SpringApplication.run(SpringApplication.java:1352)
	at com.openclassrooms.api.ApiApplication.main(ApiApplication.java:12)
Caused by: org.springframework.data.repository.query.QueryCreationException: Could not create query for public abstract java.util.List com.openclassrooms.api.repositories.MessageRepository.findByConversationIdOrderBySentAtAsc(java.lang.Long); Reason: Failed to create query for method public abstract java.util.List com.openclassrooms.api.repositories.MessageRepository.findByConversationIdOrderBySentAtAsc(java.lang.Long); No property 'sentAt' found for type 'Message'; Did you mean 'sent_at'
	at org.springframework.data.repository.query.QueryCreationException.create(QueryCreationException.java:101)
	at org.springframework.data.repository.core.support.QueryExecutorMethodInterceptor.lookupQuery(QueryExecutorMethodInterceptor.java:119)
	at org.springframework.data.repository.core.support.QueryExecutorMethodInterceptor.mapMethodsToQuery(QueryExecutorMethodInterceptor.java:103)
	at org.springframework.data.repository.core.support.QueryExecutorMethodInterceptor.lambda$new$0(QueryExecutorMethodInterceptor.java:92)
	at java.base/java.util.Optional.map(Optional.java:260)
	at org.springframework.data.repository.core.support.QueryExecutorMethodInterceptor.<init>(QueryExecutorMethodInterceptor.java:92)
	at org.springframework.data.repository.core.support.RepositoryFactorySupport.getRepository(RepositoryFactorySupport.java:357)
	at org.springframework.data.repository.core.support.RepositoryFactoryBeanSupport.lambda$afterPropertiesSet$5(RepositoryFactoryBeanSupport.java:290)
	at org.springframework.data.util.Lazy.getNullable(Lazy.java:135)
	at org.springframework.data.util.Lazy.get(Lazy.java:113)
	at org.springframework.data.repository.core.support.RepositoryFactoryBeanSupport.afterPropertiesSet(RepositoryFactoryBeanSupport.java:296)
	at org.springframework.data.jpa.repository.support.JpaRepositoryFactoryBean.afterPropertiesSet(JpaRepositoryFactoryBean.java:132)
	at org.springframework.beans.factory.support.AbstractAutowireCapableBeanFactory.invokeInitMethods(AbstractAutowireCapableBeanFactory.java:1853)
	at org.springframework.beans.factory.support.AbstractAutowireCapableBeanFactory.initializeBean(AbstractAutowireCapableBeanFactory.java:1802)
	... 16 common frames omitted
Caused by: java.lang.IllegalArgumentException: Failed to create query for method public abstract java.util.List com.openclassrooms.api.repositories.MessageRepository.findByConversationIdOrderBySentAtAsc(java.lang.Long); No property 'sentAt' found for type 'Message'; Did you mean 'sent_at'
	at org.springframework.data.jpa.repository.query.PartTreeJpaQuery.<init>(PartTreeJpaQuery.java:107)
	at org.springframework.data.jpa.repository.query.JpaQueryLookupStrategy$CreateQueryLookupStrategy.resolveQuery(JpaQueryLookupStrategy.java:124)
	at org.springframework.data.jpa.repository.query.JpaQueryLookupStrategy$CreateIfNotFoundQueryLookupStrategy.resolveQuery(JpaQueryLookupStrategy.java:258)
	at org.springframework.data.jpa.repository.query.JpaQueryLookupStrategy$AbstractQueryLookupStrategy.resolveQuery(JpaQueryLookupStrategy.java:95)
	at org.springframework.data.repository.core.support.QueryExecutorMethodInterceptor.lookupQuery(QueryExecutorMethodInterceptor.java:115)
	... 28 common frames omitted
Caused by: org.springframework.data.mapping.PropertyReferenceException: No property 'sentAt' found for type 'Message'; Did you mean 'sent_at'
	at org.springframework.data.mapping.PropertyPath.<init>(PropertyPath.java:94)
	at org.springframework.data.mapping.PropertyPath.create(PropertyPath.java:455)
	at org.springframework.data.mapping.PropertyPath.create(PropertyPath.java:431)
	at org.springframework.data.mapping.PropertyPath.lambda$from$0(PropertyPath.java:384)
	at java.base/java.util.concurrent.ConcurrentMap.computeIfAbsent(ConcurrentMap.java:330)
	at org.springframework.data.mapping.PropertyPath.from(PropertyPath.java:366)
	at org.springframework.data.mapping.PropertyPath.from(PropertyPath.java:344)
	at org.springframework.data.repository.query.parser.OrderBySource.lambda$createOrder$2(OrderBySource.java:112)
	at java.base/java.util.Optional.map(Optional.java:260)
	at org.springframework.data.repository.query.parser.OrderBySource.createOrder(OrderBySource.java:110)
	at org.springframework.data.repository.query.parser.OrderBySource.<init>(OrderBySource.java:94)
	at org.springframework.data.repository.query.parser.PartTree$Predicate.<init>(PartTree.java:392)
	at org.springframework.data.repository.query.parser.PartTree.<init>(PartTree.java:103)
	at org.springframework.data.jpa.repository.query.PartTreeJpaQuery.<init>(PartTreeJpaQuery.java:101)
	... 32 common frames omitted
2025-08-26 12:11:31.364 [main] INFO  [] [] [] [] [] c.openclassrooms.api.ApiApplication - Starting ApiApplication using Java 17.0.14 with PID 31632 (C:\Users\corwy\OneDrive\Bureau\poc-tchat\back\target\classes started by corwy in C:\Users\corwy\OneDrive\Bureau\poc-tchat\back)
2025-08-26 12:11:31.366 [main] INFO  [] [] [] [] [] c.openclassrooms.api.ApiApplication - No active profile set, falling back to 1 default profile: "default"
2025-08-26 12:11:32.570 [main] INFO  [] [] [] [] [] o.s.b.w.e.tomcat.TomcatWebServer - Tomcat initialized with port 3001 (http)
2025-08-26 12:11:33.359 [main] WARN  [] [] [] [] [] org.hibernate.orm.deprecation - HHH90000025: MySQL8Dialect does not need to be specified explicitly using 'hibernate.dialect' (remove the property setting and it will be selected by default)
2025-08-26 12:11:33.361 [main] WARN  [] [] [] [] [] org.hibernate.orm.deprecation - HHH90000026: MySQL8Dialect has been deprecated; use org.hibernate.dialect.MySQLDialect instead
2025-08-26 12:11:34.903 [main] WARN  [] [] [] [] [] o.s.b.a.o.j.JpaBaseConfiguration$JpaWebConfiguration - spring.jpa.open-in-view is enabled by default. Therefore, database queries may be performed during view rendering. Explicitly configure spring.jpa.open-in-view to disable this warning
2025-08-26 12:11:35.377 [main] INFO  [] [] [] [] [] o.s.b.w.e.tomcat.TomcatWebServer - Tomcat started on port 3001 (http) with context path '/'
2025-08-26 12:11:35.386 [main] INFO  [] [] [] [] [] c.openclassrooms.api.ApiApplication - Started ApiApplication in 4.439 seconds (process running for 4.709)
2025-08-26 12:12:55.838 [main] INFO  [] [] [] [] [] c.openclassrooms.api.ApiApplication - Starting ApiApplication using Java 17.0.14 with PID 5328 (C:\Users\corwy\OneDrive\Bureau\poc-tchat\back\target\classes started by corwy in C:\Users\corwy\OneDrive\Bureau\poc-tchat\back)
2025-08-26 12:12:55.840 [main] INFO  [] [] [] [] [] c.openclassrooms.api.ApiApplication - No active profile set, falling back to 1 default profile: "default"
2025-08-26 12:12:57.024 [main] INFO  [] [] [] [] [] o.s.b.w.e.tomcat.TomcatWebServer - Tomcat initialized with port 3001 (http)
2025-08-26 12:12:57.800 [main] WARN  [] [] [] [] [] org.hibernate.orm.deprecation - HHH90000025: MySQL8Dialect does not need to be specified explicitly using 'hibernate.dialect' (remove the property setting and it will be selected by default)
2025-08-26 12:12:57.802 [main] WARN  [] [] [] [] [] org.hibernate.orm.deprecation - HHH90000026: MySQL8Dialect has been deprecated; use org.hibernate.dialect.MySQLDialect instead
2025-08-26 12:12:59.335 [main] WARN  [] [] [] [] [] o.s.b.a.o.j.JpaBaseConfiguration$JpaWebConfiguration - spring.jpa.open-in-view is enabled by default. Therefore, database queries may be performed during view rendering. Explicitly configure spring.jpa.open-in-view to disable this warning
2025-08-26 12:12:59.799 [main] INFO  [] [] [] [] [] o.s.b.w.e.tomcat.TomcatWebServer - Tomcat started on port 3001 (http) with context path '/'
2025-08-26 12:12:59.807 [main] INFO  [] [] [] [] [] c.openclassrooms.api.ApiApplication - Started ApiApplication in 4.377 seconds (process running for 4.634)
